<?xml version="1.0" encoding="UTF-8"?>
<!-- Generated by org.testng.reporters.JUnitXMLReporter -->
<testsuite ignored="0" hostname="LAPTOP-0V80V27A" failures="1" tests="1" name="Default test" time="6.046" errors="0" timestamp="2023-08-04T20:53:17 IST">
  <testcase classname="chaining.PostRequestWithReqBody" name="postRequest" time="5.791">
    <failure type="java.lang.AssertionError" message="expected [sys_id] but found [{&amp;quot;result&amp;quot;:{&amp;quot;parent&amp;quot;:&amp;quot;&amp;quot;,&amp;quot;made_sla&amp;quot;:&amp;quot;true&amp;quot;,&amp;quot;caused_by&amp;quot;:&amp;quot;&amp;quot;,&amp;quot;watch_list&amp;quot;:&amp;quot;&amp;quot;,&amp;quot;upon_reject&amp;quot;:&amp;quot;cancel&amp;quot;,&amp;quot;sys_updated_on&amp;quot;:&amp;quot;2023-08-04 15:23:15&amp;quot;,&amp;quot;child_incidents&amp;quot;:&amp;quot;0&amp;quot;,&amp;quot;hold_reason&amp;quot;:&amp;quot;&amp;quot;,&amp;quot;origin_table&amp;quot;:&amp;quot;&amp;quot;,&amp;quot;task_effective_number&amp;quot;:&amp;quot;INC0010032&amp;quot;,&amp;quot;approval_history&amp;quot;:&amp;quot;&amp;quot;,&amp;quot;number&amp;quot;:&amp;quot;INC0010032&amp;quot;,&amp;quot;resolved_by&amp;quot;:&amp;quot;&amp;quot;,&amp;quot;sys_updated_by&amp;quot;:&amp;quot;admin&amp;quot;,&amp;quot;opened_by&amp;quot;:{&amp;quot;link&amp;quot;:&amp;quot;https://dev124530.service-now.com/api/now/table/sys_user/6816f79cc0a8016401c5a33be04be441&amp;quot;,&amp;quot;value&amp;quot;:&amp;quot;6816f79cc0a8016401c5a33be04be441&amp;quot;},&amp;quot;user_input&amp;quot;:&amp;quot;&amp;quot;,&amp;quot;sys_created_on&amp;quot;:&amp;quot;2023-08-04 15:23:15&amp;quot;,&amp;quot;sys_domain&amp;quot;:{&amp;quot;link&amp;quot;:&amp;quot;https://dev124530.service-now.com/api/now/table/sys_user_group/global&amp;quot;,&amp;quot;value&amp;quot;:&amp;quot;global&amp;quot;},&amp;quot;state&amp;quot;:&amp;quot;1&amp;quot;,&amp;quot;route_reason&amp;quot;:&amp;quot;&amp;quot;,&amp;quot;sys_created_by&amp;quot;:&amp;quot;admin&amp;quot;,&amp;quot;knowledge&amp;quot;:&amp;quot;false&amp;quot;,&amp;quot;order&amp;quot;:&amp;quot;&amp;quot;,&amp;quot;calendar_stc&amp;quot;:&amp;quot;&amp;quot;,&amp;quot;closed_at&amp;quot;:&amp;quot;&amp;quot;,&amp;quot;cmdb_ci&amp;quot;:&amp;quot;&amp;quot;,&amp;quot;delivery_plan&amp;quot;:&amp;quot;&amp;quot;,&amp;quot;contract&amp;quot;:&amp;quot;&amp;quot;,&amp;quot;impact&amp;quot;:&amp;quot;3&amp;quot;,&amp;quot;active&amp;quot;:&amp;quot;true&amp;quot;,&amp;quot;work_notes_list&amp;quot;:&amp;quot;&amp;quot;,&amp;quot;business_service&amp;quot;:&amp;quot;&amp;quot;,&amp;quot;business_impact&amp;quot;:&amp;quot;&amp;quot;,&amp;quot;priority&amp;quot;:&amp;quot;5&amp;quot;,&amp;quot;sys_domain_path&amp;quot;:&amp;quot;/&amp;quot;,&amp;quot;rfc&amp;quot;:&amp;quot;&amp;quot;,&amp;quot;time_worked&amp;quot;:&amp;quot;&amp;quot;,&amp;quot;expected_start&amp;quot;:&amp;quot;&amp;quot;,&amp;quot;opened_at&amp;quot;:&amp;quot;2023-08-04 15:23:15&amp;quot;,&amp;quot;business_duration&amp;quot;:&amp;quot;&amp;quot;,&amp;quot;group_list&amp;quot;:&amp;quot;&amp;quot;,&amp;quot;work_end&amp;quot;:&amp;quot;&amp;quot;,&amp;quot;caller_id&amp;quot;:&amp;quot;&amp;quot;,&amp;quot;reopened_time&amp;quot;:&amp;quot;&amp;quot;,&amp;quot;resolved_at&amp;quot;:&amp;quot;&amp;quot;,&amp;quot;approval_set&amp;quot;:&amp;quot;&amp;quot;,&amp;quot;subcategory&amp;quot;:&amp;quot;&amp;quot;,&amp;quot;work_notes&amp;quot;:&amp;quot;&amp;quot;,&amp;quot;universal_request&amp;quot;:&amp;quot;&amp;quot;,&amp;quot;short_description&amp;quot;:&amp;quot;laptop display not working&amp;quot;,&amp;quot;close_code&amp;quot;:&amp;quot;&amp;quot;,&amp;quot;correlation_display&amp;quot;:&amp;quot;&amp;quot;,&amp;quot;delivery_task&amp;quot;:&amp;quot;&amp;quot;,&amp;quot;work_start&amp;quot;:&amp;quot;&amp;quot;,&amp;quot;assignment_group&amp;quot;:&amp;quot;&amp;quot;,&amp;quot;additional_assignee_list&amp;quot;:&amp;quot;&amp;quot;,&amp;quot;business_stc&amp;quot;:&amp;quot;&amp;quot;,&amp;quot;cause&amp;quot;:&amp;quot;&amp;quot;,&amp;quot;description&amp;quot;:&amp;quot;This is my first incident&amp;quot;,&amp;quot;origin_id&amp;quot;:&amp;quot;&amp;quot;,&amp;quot;calendar_duration&amp;quot;:&amp;quot;&amp;quot;,&amp;quot;close_notes&amp;quot;:&amp;quot;&amp;quot;,&amp;quot;notify&amp;quot;:&amp;quot;1&amp;quot;,&amp;quot;service_offering&amp;quot;:&amp;quot;&amp;quot;,&amp;quot;sys_class_name&amp;quot;:&amp;quot;incident&amp;quot;,&amp;quot;closed_by&amp;quot;:&amp;quot;&amp;quot;,&amp;quot;follow_up&amp;quot;:&amp;quot;&amp;quot;,&amp;quot;parent_incident&amp;quot;:&amp;quot;&amp;quot;,&amp;quot;sys_id&amp;quot;:&amp;quot;22619ac0476c71106f612f23846d4399&amp;quot;,&amp;quot;contact_type&amp;quot;:&amp;quot;&amp;quot;,&amp;quot;reopened_by&amp;quot;:&amp;quot;&amp;quot;,&amp;quot;incident_state&amp;quot;:&amp;quot;1&amp;quot;,&amp;quot;urgency&amp;quot;:&amp;quot;3&amp;quot;,&amp;quot;problem_id&amp;quot;:&amp;quot;&amp;quot;,&amp;quot;company&amp;quot;:&amp;quot;&amp;quot;,&amp;quot;reassignment_count&amp;quot;:&amp;quot;0&amp;quot;,&amp;quot;activity_due&amp;quot;:&amp;quot;&amp;quot;,&amp;quot;assigned_to&amp;quot;:&amp;quot;&amp;quot;,&amp;quot;severity&amp;quot;:&amp;quot;3&amp;quot;,&amp;quot;comments&amp;quot;:&amp;quot;&amp;quot;,&amp;quot;approval&amp;quot;:&amp;quot;not requested&amp;quot;,&amp;quot;sla_due&amp;quot;:&amp;quot;&amp;quot;,&amp;quot;comments_and_work_notes&amp;quot;:&amp;quot;&amp;quot;,&amp;quot;due_date&amp;quot;:&amp;quot;&amp;quot;,&amp;quot;sys_mod_count&amp;quot;:&amp;quot;0&amp;quot;,&amp;quot;reopen_count&amp;quot;:&amp;quot;0&amp;quot;,&amp;quot;sys_tags&amp;quot;:&amp;quot;&amp;quot;,&amp;quot;escalation&amp;quot;:&amp;quot;0&amp;quot;,&amp;quot;upon_approval&amp;quot;:&amp;quot;proceed&amp;quot;,&amp;quot;correlation_id&amp;quot;:&amp;quot;&amp;quot;,&amp;quot;location&amp;quot;:&amp;quot;&amp;quot;,&amp;quot;category&amp;quot;:&amp;quot;inquiry&amp;quot;}}]">
      <![CDATA[java.lang.AssertionError: expected [sys_id] but found [{"result":{"parent":"","made_sla":"true","caused_by":"","watch_list":"","upon_reject":"cancel","sys_updated_on":"2023-08-04 15:23:15","child_incidents":"0","hold_reason":"","origin_table":"","task_effective_number":"INC0010032","approval_history":"","number":"INC0010032","resolved_by":"","sys_updated_by":"admin","opened_by":{"link":"https://dev124530.service-now.com/api/now/table/sys_user/6816f79cc0a8016401c5a33be04be441","value":"6816f79cc0a8016401c5a33be04be441"},"user_input":"","sys_created_on":"2023-08-04 15:23:15","sys_domain":{"link":"https://dev124530.service-now.com/api/now/table/sys_user_group/global","value":"global"},"state":"1","route_reason":"","sys_created_by":"admin","knowledge":"false","order":"","calendar_stc":"","closed_at":"","cmdb_ci":"","delivery_plan":"","contract":"","impact":"3","active":"true","work_notes_list":"","business_service":"","business_impact":"","priority":"5","sys_domain_path":"/","rfc":"","time_worked":"","expected_start":"","opened_at":"2023-08-04 15:23:15","business_duration":"","group_list":"","work_end":"","caller_id":"","reopened_time":"","resolved_at":"","approval_set":"","subcategory":"","work_notes":"","universal_request":"","short_description":"laptop display not working","close_code":"","correlation_display":"","delivery_task":"","work_start":"","assignment_group":"","additional_assignee_list":"","business_stc":"","cause":"","description":"This is my first incident","origin_id":"","calendar_duration":"","close_notes":"","notify":"1","service_offering":"","sys_class_name":"incident","closed_by":"","follow_up":"","parent_incident":"","sys_id":"22619ac0476c71106f612f23846d4399","contact_type":"","reopened_by":"","incident_state":"1","urgency":"3","problem_id":"","company":"","reassignment_count":"0","activity_due":"","assigned_to":"","severity":"3","comments":"","approval":"not requested","sla_due":"","comments_and_work_notes":"","due_date":"","sys_mod_count":"0","reopen_count":"0","sys_tags":"","escalation":"0","upon_approval":"proceed","correlation_id":"","location":"","category":"inquiry"}}]
at org.testng.Assert.fail(Assert.java:111)
at org.testng.Assert.failNotEquals(Assert.java:1578)
at org.testng.Assert.assertEqualsImpl(Assert.java:150)
at org.testng.Assert.assertEquals(Assert.java:132)
at org.testng.Assert.assertEquals(Assert.java:656)
at org.testng.Assert.assertEquals(Assert.java:666)
at chaining.PostRequestWithReqBody.postRequest(PostRequestWithReqBody.java:36)
at java.base/jdk.internal.reflect.NativeMethodAccessorImpl.invoke0(Native Method)
at java.base/jdk.internal.reflect.NativeMethodAccessorImpl.invoke(NativeMethodAccessorImpl.java:77)
at java.base/jdk.internal.reflect.DelegatingMethodAccessorImpl.invoke(DelegatingMethodAccessorImpl.java:43)
at java.base/java.lang.reflect.Method.invoke(Method.java:568)
at org.testng.internal.invokers.MethodInvocationHelper.invokeMethod(MethodInvocationHelper.java:139)
at org.testng.internal.invokers.TestInvoker.invokeMethod(TestInvoker.java:664)
at org.testng.internal.invokers.TestInvoker.invokeTestMethod(TestInvoker.java:227)
at org.testng.internal.invokers.MethodRunner.runInSequence(MethodRunner.java:50)
at org.testng.internal.invokers.TestInvoker$MethodInvocationAgent.invoke(TestInvoker.java:957)
at org.testng.internal.invokers.TestInvoker.invokeTestMethods(TestInvoker.java:200)
at org.testng.internal.invokers.TestMethodWorker.invokeTestMethods(TestMethodWorker.java:148)
at org.testng.internal.invokers.TestMethodWorker.run(TestMethodWorker.java:128)
at java.base/java.util.ArrayList.forEach(ArrayList.java:1511)
at org.testng.TestRunner.privateRun(TestRunner.java:848)
at org.testng.TestRunner.run(TestRunner.java:621)
at org.testng.SuiteRunner.runTest(SuiteRunner.java:443)
at org.testng.SuiteRunner.runSequentially(SuiteRunner.java:437)
at org.testng.SuiteRunner.privateRun(SuiteRunner.java:397)
at org.testng.SuiteRunner.run(SuiteRunner.java:336)
at org.testng.SuiteRunnerWorker.runSuite(SuiteRunnerWorker.java:52)
at org.testng.SuiteRunnerWorker.run(SuiteRunnerWorker.java:95)
at org.testng.TestNG.runSuitesSequentially(TestNG.java:1280)
at org.testng.TestNG.runSuitesLocally(TestNG.java:1200)
at org.testng.TestNG.runSuites(TestNG.java:1114)
at org.testng.TestNG.run(TestNG.java:1082)
at org.testng.remote.AbstractRemoteTestNG.run(AbstractRemoteTestNG.java:115)
at org.testng.remote.RemoteTestNG.initAndRun(RemoteTestNG.java:251)
at org.testng.remote.RemoteTestNG.main(RemoteTestNG.java:77)
]]>
    </failure>
  </testcase> <!-- postRequest -->
</testsuite> <!-- Default test -->
