<?xml version="1.0" encoding="UTF-8"?>
<testng-results ignored="0" total="1" passed="0" failed="1" skipped="0">
  <reporter-output>
  </reporter-output>
  <suite started-at="2023-08-04T20:53:11 IST" name="Default suite" finished-at="2023-08-04T20:53:17 IST" duration-ms="6046">
    <groups>
    </groups>
    <test started-at="2023-08-04T20:53:11 IST" name="Default test" finished-at="2023-08-04T20:53:17 IST" duration-ms="6046">
      <class name="chaining.PostRequestWithReqBody">
        <test-method is-config="true" signature="setUp()[pri:0, instance:chaining.PostRequestWithReqBody@7bd4937b]" started-at="2023-08-04T20:53:11 IST" name="setUp" finished-at="2023-08-04T20:53:11 IST" duration-ms="222" status="PASS">
          <reporter-output>
          </reporter-output>
        </test-method> <!-- setUp -->
        <test-method signature="postRequest()[pri:0, instance:chaining.PostRequestWithReqBody@7bd4937b]" started-at="2023-08-04T20:53:11 IST" name="postRequest" finished-at="2023-08-04T20:53:17 IST" duration-ms="5791" status="FAIL">
          <exception class="java.lang.AssertionError">
            <message>
              <![CDATA[expected [sys_id] but found [{"result":{"parent":"","made_sla":"true","caused_by":"","watch_list":"","upon_reject":"cancel","sys_updated_on":"2023-08-04 15:23:15","child_incidents":"0","hold_reason":"","origin_table":"","task_effective_number":"INC0010032","approval_history":"","number":"INC0010032","resolved_by":"","sys_updated_by":"admin","opened_by":{"link":"https://dev124530.service-now.com/api/now/table/sys_user/6816f79cc0a8016401c5a33be04be441","value":"6816f79cc0a8016401c5a33be04be441"},"user_input":"","sys_created_on":"2023-08-04 15:23:15","sys_domain":{"link":"https://dev124530.service-now.com/api/now/table/sys_user_group/global","value":"global"},"state":"1","route_reason":"","sys_created_by":"admin","knowledge":"false","order":"","calendar_stc":"","closed_at":"","cmdb_ci":"","delivery_plan":"","contract":"","impact":"3","active":"true","work_notes_list":"","business_service":"","business_impact":"","priority":"5","sys_domain_path":"/","rfc":"","time_worked":"","expected_start":"","opened_at":"2023-08-04 15:23:15","business_duration":"","group_list":"","work_end":"","caller_id":"","reopened_time":"","resolved_at":"","approval_set":"","subcategory":"","work_notes":"","universal_request":"","short_description":"laptop display not working","close_code":"","correlation_display":"","delivery_task":"","work_start":"","assignment_group":"","additional_assignee_list":"","business_stc":"","cause":"","description":"This is my first incident","origin_id":"","calendar_duration":"","close_notes":"","notify":"1","service_offering":"","sys_class_name":"incident","closed_by":"","follow_up":"","parent_incident":"","sys_id":"22619ac0476c71106f612f23846d4399","contact_type":"","reopened_by":"","incident_state":"1","urgency":"3","problem_id":"","company":"","reassignment_count":"0","activity_due":"","assigned_to":"","severity":"3","comments":"","approval":"not requested","sla_due":"","comments_and_work_notes":"","due_date":"","sys_mod_count":"0","reopen_count":"0","sys_tags":"","escalation":"0","upon_approval":"proceed","correlation_id":"","location":"","category":"inquiry"}}]]]>
            </message>
            <full-stacktrace>
              <![CDATA[java.lang.AssertionError: expected [sys_id] but found [{"result":{"parent":"","made_sla":"true","caused_by":"","watch_list":"","upon_reject":"cancel","sys_updated_on":"2023-08-04 15:23:15","child_incidents":"0","hold_reason":"","origin_table":"","task_effective_number":"INC0010032","approval_history":"","number":"INC0010032","resolved_by":"","sys_updated_by":"admin","opened_by":{"link":"https://dev124530.service-now.com/api/now/table/sys_user/6816f79cc0a8016401c5a33be04be441","value":"6816f79cc0a8016401c5a33be04be441"},"user_input":"","sys_created_on":"2023-08-04 15:23:15","sys_domain":{"link":"https://dev124530.service-now.com/api/now/table/sys_user_group/global","value":"global"},"state":"1","route_reason":"","sys_created_by":"admin","knowledge":"false","order":"","calendar_stc":"","closed_at":"","cmdb_ci":"","delivery_plan":"","contract":"","impact":"3","active":"true","work_notes_list":"","business_service":"","business_impact":"","priority":"5","sys_domain_path":"/","rfc":"","time_worked":"","expected_start":"","opened_at":"2023-08-04 15:23:15","business_duration":"","group_list":"","work_end":"","caller_id":"","reopened_time":"","resolved_at":"","approval_set":"","subcategory":"","work_notes":"","universal_request":"","short_description":"laptop display not working","close_code":"","correlation_display":"","delivery_task":"","work_start":"","assignment_group":"","additional_assignee_list":"","business_stc":"","cause":"","description":"This is my first incident","origin_id":"","calendar_duration":"","close_notes":"","notify":"1","service_offering":"","sys_class_name":"incident","closed_by":"","follow_up":"","parent_incident":"","sys_id":"22619ac0476c71106f612f23846d4399","contact_type":"","reopened_by":"","incident_state":"1","urgency":"3","problem_id":"","company":"","reassignment_count":"0","activity_due":"","assigned_to":"","severity":"3","comments":"","approval":"not requested","sla_due":"","comments_and_work_notes":"","due_date":"","sys_mod_count":"0","reopen_count":"0","sys_tags":"","escalation":"0","upon_approval":"proceed","correlation_id":"","location":"","category":"inquiry"}}]
at org.testng.Assert.fail(Assert.java:111)
at org.testng.Assert.failNotEquals(Assert.java:1578)
at org.testng.Assert.assertEqualsImpl(Assert.java:150)
at org.testng.Assert.assertEquals(Assert.java:132)
at org.testng.Assert.assertEquals(Assert.java:656)
at org.testng.Assert.assertEquals(Assert.java:666)
at chaining.PostRequestWithReqBody.postRequest(PostRequestWithReqBody.java:36)
at java.base/jdk.internal.reflect.NativeMethodAccessorImpl.invoke0(Native Method)
at java.base/jdk.internal.reflect.NativeMethodAccessorImpl.invoke(NativeMethodAccessorImpl.java:77)
at java.base/jdk.internal.reflect.DelegatingMethodAccessorImpl.invoke(DelegatingMethodAccessorImpl.java:43)
at java.base/java.lang.reflect.Method.invoke(Method.java:568)
at org.testng.internal.invokers.MethodInvocationHelper.invokeMethod(MethodInvocationHelper.java:139)
at org.testng.internal.invokers.TestInvoker.invokeMethod(TestInvoker.java:664)
at org.testng.internal.invokers.TestInvoker.invokeTestMethod(TestInvoker.java:227)
at org.testng.internal.invokers.MethodRunner.runInSequence(MethodRunner.java:50)
at org.testng.internal.invokers.TestInvoker$MethodInvocationAgent.invoke(TestInvoker.java:957)
at org.testng.internal.invokers.TestInvoker.invokeTestMethods(TestInvoker.java:200)
at org.testng.internal.invokers.TestMethodWorker.invokeTestMethods(TestMethodWorker.java:148)
at org.testng.internal.invokers.TestMethodWorker.run(TestMethodWorker.java:128)
at java.base/java.util.ArrayList.forEach(ArrayList.java:1511)
at org.testng.TestRunner.privateRun(TestRunner.java:848)
at org.testng.TestRunner.run(TestRunner.java:621)
at org.testng.SuiteRunner.runTest(SuiteRunner.java:443)
at org.testng.SuiteRunner.runSequentially(SuiteRunner.java:437)
at org.testng.SuiteRunner.privateRun(SuiteRunner.java:397)
at org.testng.SuiteRunner.run(SuiteRunner.java:336)
at org.testng.SuiteRunnerWorker.runSuite(SuiteRunnerWorker.java:52)
at org.testng.SuiteRunnerWorker.run(SuiteRunnerWorker.java:95)
at org.testng.TestNG.runSuitesSequentially(TestNG.java:1280)
at org.testng.TestNG.runSuitesLocally(TestNG.java:1200)
at org.testng.TestNG.runSuites(TestNG.java:1114)
at org.testng.TestNG.run(TestNG.java:1082)
at org.testng.remote.AbstractRemoteTestNG.run(AbstractRemoteTestNG.java:115)
at org.testng.remote.RemoteTestNG.initAndRun(RemoteTestNG.java:251)
at org.testng.remote.RemoteTestNG.main(RemoteTestNG.java:77)
]]>
            </full-stacktrace>
          </exception> <!-- java.lang.AssertionError -->
          <reporter-output>
          </reporter-output>
        </test-method> <!-- postRequest -->
      </class> <!-- chaining.PostRequestWithReqBody -->
    </test> <!-- Default test -->
  </suite> <!-- Default suite -->
</testng-results>
